C:\Program Files\Microsoft Visual Studio\2022\Community\MSBuild\Microsoft\VC\v170\Microsoft.CppBuild.targets(541,5): warning MSB8029: Промежуточный каталог или каталог выхода не может располагаться во временном каталоге, потому что это может стать причиной проблем с добавочной сборкой.
  Task1.cpp
C:\Temp\ispp35\LabWork2\Task1\Task1.cpp(9,5): error C4235: использовано нестандартное расширение: ключевое слово "__asm" данной архитектурой не поддерживается
C:\Temp\ispp35\LabWork2\Task1\Task1.cpp(10,9): error C2065: mov: необъявленный идентификатор
C:\Temp\ispp35\LabWork2\Task1\Task1.cpp(10,13): error C2146: синтаксическая ошибка: отсутствие ";" перед идентификатором "eax"
C:\Temp\ispp35\LabWork2\Task1\Task1.cpp(10,13): error C2065: eax: необъявленный идентификатор
C:\Temp\ispp35\LabWork2\Task1\Task1.cpp(11,13): error C2065: eax: необъявленный идентификатор
C:\Temp\ispp35\LabWork2\Task1\Task1.cpp(12,16): error C2065: eax: необъявленный идентификатор
C:\Temp\ispp35\LabWork2\Task1\Task1.cpp(14,5): error C2143: синтаксическая ошибка: отсутствие ";" перед "}"
